2017-05-08 19:56:56.690  INFO 9656 --- [main] com.example.ProjektCarsApplicationTests  : Starting ProjektCarsApplicationTests on Bartix with PID 9656 (started by Bartixon in C:\Users\Bartixon\Desktop\Projekt cars\demo)
2017-05-08 19:56:56.706  INFO 9656 --- [main] com.example.ProjektCarsApplicationTests  : No active profile set, falling back to default profiles: default
2017-05-08 19:56:56.956  INFO 9656 --- [main] o.s.w.c.s.GenericWebApplicationContext   : Refreshing org.springframework.web.context.support.GenericWebApplicationContext@1e04fa0a: startup date [Mon May 08 19:56:56 CEST 2017]; root of context hierarchy
2017-05-08 19:56:59.543  INFO 9656 --- [main] j.LocalContainerEntityManagerFactoryBean : Building JPA container EntityManagerFactory for persistence unit 'default'
2017-05-08 19:56:59.574  INFO 9656 --- [main] o.hibernate.jpa.internal.util.LogHelper  : HHH000204: Processing PersistenceUnitInfo [
	name: default
	...]
2017-05-08 19:56:59.652  INFO 9656 --- [main] org.hibernate.Version                    : HHH000412: Hibernate Core {5.0.12.Final}
2017-05-08 19:56:59.652  INFO 9656 --- [main] org.hibernate.cfg.Environment            : HHH000206: hibernate.properties not found
2017-05-08 19:56:59.652  INFO 9656 --- [main] org.hibernate.cfg.Environment            : HHH000021: Bytecode provider name : javassist
2017-05-08 19:56:59.715  INFO 9656 --- [main] o.hibernate.annotations.common.Version   : HCANN000001: Hibernate Commons Annotations {5.0.1.Final}
2017-05-08 19:56:59.840  INFO 9656 --- [main] org.hibernate.dialect.Dialect            : HHH000400: Using dialect: org.hibernate.dialect.MySQL5Dialect
2017-05-08 19:57:00.536  INFO 9656 --- [main] org.hibernate.tool.hbm2ddl.SchemaExport  : HHH000227: Running hbm2ddl schema export
2017-05-08 19:57:00.833  INFO 9656 --- [main] org.hibernate.tool.hbm2ddl.SchemaExport  : HHH000230: Schema export complete
2017-05-08 19:57:00.895  INFO 9656 --- [main] j.LocalContainerEntityManagerFactoryBean : Initialized JPA EntityManagerFactory for persistence unit 'default'
2017-05-08 19:57:01.770  INFO 9656 --- [main] s.w.s.m.m.a.RequestMappingHandlerAdapter : Looking for @ControllerAdvice: org.springframework.web.context.support.GenericWebApplicationContext@1e04fa0a: startup date [Mon May 08 19:56:56 CEST 2017]; root of context hierarchy
2017-05-08 19:57:01.880  INFO 9656 --- [main] s.w.s.m.m.a.RequestMappingHandlerMapping : Mapped "{[/index]}" onto public org.springframework.web.servlet.ModelAndView com.example.controller.MainController.index(org.springframework.ui.ModelMap)
2017-05-08 19:57:01.880  INFO 9656 --- [main] s.w.s.m.m.a.RequestMappingHandlerMapping : Mapped "{[/sellCar],methods=[POST]}" onto public org.springframework.web.servlet.ModelAndView com.example.controller.MainController.submit(com.example.Dtos.CarDto)
2017-05-08 19:57:01.880  INFO 9656 --- [main] s.w.s.m.m.a.RequestMappingHandlerMapping : Mapped "{[/{id}],methods=[GET]}" onto public org.springframework.web.servlet.ModelAndView com.example.controller.MainController.sold(java.lang.Integer,org.springframework.ui.ModelMap)
2017-05-08 19:57:01.880  INFO 9656 --- [main] s.w.s.m.m.a.RequestMappingHandlerMapping : Mapped "{[/soldCars],methods=[GET]}" onto public org.springframework.web.servlet.ModelAndView com.example.controller.MainController.soldCars(org.springframework.ui.ModelMap)
2017-05-08 19:57:01.880  INFO 9656 --- [main] s.w.s.m.m.a.RequestMappingHandlerMapping : Mapped "{[/carList]}" onto public org.springframework.web.servlet.ModelAndView com.example.controller.MainController.carList(org.springframework.ui.ModelMap)
2017-05-08 19:57:01.880  INFO 9656 --- [main] s.w.s.m.m.a.RequestMappingHandlerMapping : Mapped "{[/sellCar],methods=[GET]}" onto public org.springframework.web.servlet.ModelAndView com.example.controller.MainController.sellCarView(org.springframework.ui.ModelMap)
2017-05-08 19:57:01.880  INFO 9656 --- [main] s.w.s.m.m.a.RequestMappingHandlerMapping : Mapped "{[/error]}" onto public org.springframework.http.ResponseEntity<java.util.Map<java.lang.String, java.lang.Object>> org.springframework.boot.autoconfigure.web.BasicErrorController.error(javax.servlet.http.HttpServletRequest)
2017-05-08 19:57:01.880  INFO 9656 --- [main] s.w.s.m.m.a.RequestMappingHandlerMapping : Mapped "{[/error],produces=[text/html]}" onto public org.springframework.web.servlet.ModelAndView org.springframework.boot.autoconfigure.web.BasicErrorController.errorHtml(javax.servlet.http.HttpServletRequest,javax.servlet.http.HttpServletResponse)
2017-05-08 19:57:01.927  INFO 9656 --- [main] o.s.w.s.handler.SimpleUrlHandlerMapping  : Mapped URL path [/webjars/**] onto handler of type [class org.springframework.web.servlet.resource.ResourceHttpRequestHandler]
2017-05-08 19:57:01.927  INFO 9656 --- [main] o.s.w.s.handler.SimpleUrlHandlerMapping  : Mapped URL path [/**] onto handler of type [class org.springframework.web.servlet.resource.ResourceHttpRequestHandler]
2017-05-08 19:57:01.974  INFO 9656 --- [main] o.s.w.s.handler.SimpleUrlHandlerMapping  : Mapped URL path [/**/favicon.ico] onto handler of type [class org.springframework.web.servlet.resource.ResourceHttpRequestHandler]
2017-05-08 19:57:02.636  INFO 9656 --- [main] com.example.ProjektCarsApplicationTests  : Started ProjektCarsApplicationTests in 6.289 seconds (JVM running for 7.097)
2017-05-08 19:57:02.870  INFO 9656 --- [Thread-4] o.s.w.c.s.GenericWebApplicationContext   : Closing org.springframework.web.context.support.GenericWebApplicationContext@1e04fa0a: startup date [Mon May 08 19:56:56 CEST 2017]; root of context hierarchy
2017-05-08 19:57:02.870  INFO 9656 --- [Thread-4] j.LocalContainerEntityManagerFactoryBean : Closing JPA EntityManagerFactory for persistence unit 'default'
2017-05-10 18:23:08.243  INFO 9756 --- [main] com.example.ProjektCarsApplicationTests  : Starting ProjektCarsApplicationTests on Bartix with PID 9756 (started by Bartixon in C:\Users\Bartixon\Desktop\Projekt cars\demo)
2017-05-10 18:23:08.258  INFO 9756 --- [main] com.example.ProjektCarsApplicationTests  : No active profile set, falling back to default profiles: default
2017-05-10 18:23:08.524  INFO 9756 --- [main] o.s.w.c.s.GenericWebApplicationContext   : Refreshing org.springframework.web.context.support.GenericWebApplicationContext@1e04fa0a: startup date [Wed May 10 18:23:08 CEST 2017]; root of context hierarchy
2017-05-10 18:23:10.796  INFO 9756 --- [main] j.LocalContainerEntityManagerFactoryBean : Building JPA container EntityManagerFactory for persistence unit 'default'
2017-05-10 18:23:10.827  INFO 9756 --- [main] o.hibernate.jpa.internal.util.LogHelper  : HHH000204: Processing PersistenceUnitInfo [
	name: default
	...]
2017-05-10 18:23:10.905  INFO 9756 --- [main] org.hibernate.Version                    : HHH000412: Hibernate Core {5.0.12.Final}
2017-05-10 18:23:10.905  INFO 9756 --- [main] org.hibernate.cfg.Environment            : HHH000206: hibernate.properties not found
2017-05-10 18:23:10.921  INFO 9756 --- [main] org.hibernate.cfg.Environment            : HHH000021: Bytecode provider name : javassist
2017-05-10 18:23:10.952  INFO 9756 --- [main] o.hibernate.annotations.common.Version   : HCANN000001: Hibernate Commons Annotations {5.0.1.Final}
2017-05-10 18:23:11.092  INFO 9756 --- [main] org.hibernate.dialect.Dialect            : HHH000400: Using dialect: org.hibernate.dialect.MySQL5Dialect
2017-05-10 18:23:12.108  INFO 9756 --- [main] org.hibernate.tool.hbm2ddl.SchemaExport  : HHH000227: Running hbm2ddl schema export
2017-05-10 18:23:14.910  INFO 9756 --- [main] org.hibernate.tool.hbm2ddl.SchemaExport  : HHH000230: Schema export complete
2017-05-10 18:23:14.957  INFO 9756 --- [main] j.LocalContainerEntityManagerFactoryBean : Initialized JPA EntityManagerFactory for persistence unit 'default'
2017-05-10 18:23:15.785  INFO 9756 --- [main] s.w.s.m.m.a.RequestMappingHandlerAdapter : Looking for @ControllerAdvice: org.springframework.web.context.support.GenericWebApplicationContext@1e04fa0a: startup date [Wed May 10 18:23:08 CEST 2017]; root of context hierarchy
2017-05-10 18:23:15.910  INFO 9756 --- [main] s.w.s.m.m.a.RequestMappingHandlerMapping : Mapped "{[/index]}" onto public org.springframework.web.servlet.ModelAndView com.example.controller.MainController.index(org.springframework.ui.ModelMap)
2017-05-10 18:23:15.910  INFO 9756 --- [main] s.w.s.m.m.a.RequestMappingHandlerMapping : Mapped "{[/sellCar],methods=[POST]}" onto public org.springframework.web.servlet.ModelAndView com.example.controller.MainController.submit(com.example.Dtos.CarDto,org.springframework.ui.ModelMap)
2017-05-10 18:23:15.910  INFO 9756 --- [main] s.w.s.m.m.a.RequestMappingHandlerMapping : Mapped "{[/setOwner],methods=[POST]}" onto public java.lang.String com.example.controller.MainController.submit(com.example.Dtos.OwnerDto,org.springframework.web.servlet.mvc.support.RedirectAttributes)
2017-05-10 18:23:15.910  INFO 9756 --- [main] s.w.s.m.m.a.RequestMappingHandlerMapping : Mapped "{[/setOwner],methods=[GET]}" onto public org.springframework.web.servlet.ModelAndView com.example.controller.MainController.setOwner(org.springframework.ui.ModelMap)
2017-05-10 18:23:15.910  INFO 9756 --- [main] s.w.s.m.m.a.RequestMappingHandlerMapping : Mapped "{[/sellCar],methods=[GET]}" onto public org.springframework.web.servlet.ModelAndView com.example.controller.MainController.sellCarView(org.springframework.ui.ModelMap)
2017-05-10 18:23:15.910  INFO 9756 --- [main] s.w.s.m.m.a.RequestMappingHandlerMapping : Mapped "{[/details/{id}],methods=[GET]}" onto public org.springframework.web.servlet.ModelAndView com.example.controller.MainController.seeDetails(java.lang.Integer,org.springframework.ui.ModelMap)
2017-05-10 18:23:15.926  INFO 9756 --- [main] s.w.s.m.m.a.RequestMappingHandlerMapping : Mapped "{[/carList]}" onto public org.springframework.web.servlet.ModelAndView com.example.controller.MainController.carList(org.springframework.ui.ModelMap)
2017-05-10 18:23:15.926  INFO 9756 --- [main] s.w.s.m.m.a.RequestMappingHandlerMapping : Mapped "{[/{id}],methods=[GET]}" onto public org.springframework.web.servlet.ModelAndView com.example.controller.MainController.sold(java.lang.Integer,org.springframework.ui.ModelMap)
2017-05-10 18:23:15.926  INFO 9756 --- [main] s.w.s.m.m.a.RequestMappingHandlerMapping : Mapped "{[/soldCars],methods=[GET]}" onto public org.springframework.web.servlet.ModelAndView com.example.controller.MainController.soldCars(org.springframework.ui.ModelMap)
2017-05-10 18:23:15.926  INFO 9756 --- [main] s.w.s.m.m.a.RequestMappingHandlerMapping : Mapped "{[/error]}" onto public org.springframework.http.ResponseEntity<java.util.Map<java.lang.String, java.lang.Object>> org.springframework.boot.autoconfigure.web.BasicErrorController.error(javax.servlet.http.HttpServletRequest)
2017-05-10 18:23:15.926  INFO 9756 --- [main] s.w.s.m.m.a.RequestMappingHandlerMapping : Mapped "{[/error],produces=[text/html]}" onto public org.springframework.web.servlet.ModelAndView org.springframework.boot.autoconfigure.web.BasicErrorController.errorHtml(javax.servlet.http.HttpServletRequest,javax.servlet.http.HttpServletResponse)
2017-05-10 18:23:15.973  INFO 9756 --- [main] o.s.w.s.handler.SimpleUrlHandlerMapping  : Mapped URL path [/webjars/**] onto handler of type [class org.springframework.web.servlet.resource.ResourceHttpRequestHandler]
2017-05-10 18:23:15.973  INFO 9756 --- [main] o.s.w.s.handler.SimpleUrlHandlerMapping  : Mapped URL path [/**] onto handler of type [class org.springframework.web.servlet.resource.ResourceHttpRequestHandler]
2017-05-10 18:23:16.051  INFO 9756 --- [main] o.s.w.s.handler.SimpleUrlHandlerMapping  : Mapped URL path [/**/favicon.ico] onto handler of type [class org.springframework.web.servlet.resource.ResourceHttpRequestHandler]
2017-05-10 18:23:16.789  INFO 9756 --- [main] com.example.ProjektCarsApplicationTests  : Started ProjektCarsApplicationTests in 8.89 seconds (JVM running for 9.769)
2017-05-10 18:23:16.899  INFO 9756 --- [Thread-4] o.s.w.c.s.GenericWebApplicationContext   : Closing org.springframework.web.context.support.GenericWebApplicationContext@1e04fa0a: startup date [Wed May 10 18:23:08 CEST 2017]; root of context hierarchy
2017-05-10 18:23:16.899  INFO 9756 --- [Thread-4] j.LocalContainerEntityManagerFactoryBean : Closing JPA EntityManagerFactory for persistence unit 'default'
2017-05-16 13:16:26.325  INFO 6272 --- [main] com.example.ProjektCarsApplicationTests  : Starting ProjektCarsApplicationTests on Bartix with PID 6272 (started by Bartixon in C:\Users\Bartixon\Desktop\Projekt cars\projectCars)
2017-05-16 13:16:26.357  INFO 6272 --- [main] com.example.ProjektCarsApplicationTests  : No active profile set, falling back to default profiles: default
2017-05-16 13:16:26.638  INFO 6272 --- [main] o.s.w.c.s.GenericWebApplicationContext   : Refreshing org.springframework.web.context.support.GenericWebApplicationContext@1e04fa0a: startup date [Tue May 16 13:16:26 CEST 2017]; root of context hierarchy
2017-05-16 13:16:29.061  INFO 6272 --- [main] j.LocalContainerEntityManagerFactoryBean : Building JPA container EntityManagerFactory for persistence unit 'default'
2017-05-16 13:16:29.076  INFO 6272 --- [main] o.hibernate.jpa.internal.util.LogHelper  : HHH000204: Processing PersistenceUnitInfo [
	name: default
	...]
2017-05-16 13:16:29.186  INFO 6272 --- [main] org.hibernate.Version                    : HHH000412: Hibernate Core {5.0.12.Final}
2017-05-16 13:16:29.186  INFO 6272 --- [main] org.hibernate.cfg.Environment            : HHH000206: hibernate.properties not found
2017-05-16 13:16:29.186  INFO 6272 --- [main] org.hibernate.cfg.Environment            : HHH000021: Bytecode provider name : javassist
2017-05-16 13:16:29.248  INFO 6272 --- [main] o.hibernate.annotations.common.Version   : HCANN000001: Hibernate Commons Annotations {5.0.1.Final}
2017-05-16 13:16:29.373  INFO 6272 --- [main] org.hibernate.dialect.Dialect            : HHH000400: Using dialect: org.hibernate.dialect.MySQL5Dialect
2017-05-16 13:16:30.410  INFO 6272 --- [main] org.hibernate.tool.hbm2ddl.SchemaExport  : HHH000227: Running hbm2ddl schema export
2017-05-16 13:16:31.852  INFO 6272 --- [main] org.hibernate.tool.hbm2ddl.SchemaExport  : HHH000230: Schema export complete
2017-05-16 13:16:31.883  INFO 6272 --- [main] j.LocalContainerEntityManagerFactoryBean : Initialized JPA EntityManagerFactory for persistence unit 'default'
2017-05-16 13:16:32.666  INFO 6272 --- [main] s.w.s.m.m.a.RequestMappingHandlerAdapter : Looking for @ControllerAdvice: org.springframework.web.context.support.GenericWebApplicationContext@1e04fa0a: startup date [Tue May 16 13:16:26 CEST 2017]; root of context hierarchy
2017-05-16 13:16:32.785  INFO 6272 --- [main] s.w.s.m.m.a.RequestMappingHandlerMapping : Mapped "{[/index]}" onto public org.springframework.web.servlet.ModelAndView com.example.controller.MainController.index(org.springframework.ui.ModelMap)
2017-05-16 13:16:32.785  INFO 6272 --- [main] s.w.s.m.m.a.RequestMappingHandlerMapping : Mapped "{[/sellCar],methods=[POST]}" onto public org.springframework.web.servlet.ModelAndView com.example.controller.MainController.submit(com.example.Dtos.CarDto,org.springframework.validation.BindingResult,org.springframework.ui.ModelMap)
2017-05-16 13:16:32.785  INFO 6272 --- [main] s.w.s.m.m.a.RequestMappingHandlerMapping : Mapped "{[/setOwner],methods=[POST]}" onto public java.lang.String com.example.controller.MainController.submit(com.example.Dtos.OwnerDto,org.springframework.web.servlet.mvc.support.RedirectAttributes)
2017-05-16 13:16:32.785  INFO 6272 --- [main] s.w.s.m.m.a.RequestMappingHandlerMapping : Mapped "{[/setOwner],methods=[GET]}" onto public org.springframework.web.servlet.ModelAndView com.example.controller.MainController.setOwner(org.springframework.ui.ModelMap)
2017-05-16 13:16:32.785  INFO 6272 --- [main] s.w.s.m.m.a.RequestMappingHandlerMapping : Mapped "{[/carList]}" onto public org.springframework.web.servlet.ModelAndView com.example.controller.MainController.carList(org.springframework.ui.ModelMap)
2017-05-16 13:16:32.785  INFO 6272 --- [main] s.w.s.m.m.a.RequestMappingHandlerMapping : Mapped "{[/sellCar],methods=[GET]}" onto public org.springframework.web.servlet.ModelAndView com.example.controller.MainController.sellCarView(org.springframework.ui.ModelMap)
2017-05-16 13:16:32.785  INFO 6272 --- [main] s.w.s.m.m.a.RequestMappingHandlerMapping : Mapped "{[/{id}],methods=[GET]}" onto public org.springframework.web.servlet.ModelAndView com.example.controller.MainController.sold(java.lang.Integer,org.springframework.ui.ModelMap)
2017-05-16 13:16:32.785  INFO 6272 --- [main] s.w.s.m.m.a.RequestMappingHandlerMapping : Mapped "{[/details/{id}],methods=[GET]}" onto public org.springframework.web.servlet.ModelAndView com.example.controller.MainController.seeDetails(java.lang.Integer,org.springframework.ui.ModelMap)
2017-05-16 13:16:32.785  INFO 6272 --- [main] s.w.s.m.m.a.RequestMappingHandlerMapping : Mapped "{[/soldCars],methods=[GET]}" onto public org.springframework.web.servlet.ModelAndView com.example.controller.MainController.soldCars(org.springframework.ui.ModelMap)
2017-05-16 13:16:32.785  INFO 6272 --- [main] s.w.s.m.m.a.RequestMappingHandlerMapping : Mapped "{[/error]}" onto public org.springframework.http.ResponseEntity<java.util.Map<java.lang.String, java.lang.Object>> org.springframework.boot.autoconfigure.web.BasicErrorController.error(javax.servlet.http.HttpServletRequest)
2017-05-16 13:16:32.785  INFO 6272 --- [main] s.w.s.m.m.a.RequestMappingHandlerMapping : Mapped "{[/error],produces=[text/html]}" onto public org.springframework.web.servlet.ModelAndView org.springframework.boot.autoconfigure.web.BasicErrorController.errorHtml(javax.servlet.http.HttpServletRequest,javax.servlet.http.HttpServletResponse)
2017-05-16 13:16:32.832  INFO 6272 --- [main] o.s.w.s.handler.SimpleUrlHandlerMapping  : Mapped URL path [/webjars/**] onto handler of type [class org.springframework.web.servlet.resource.ResourceHttpRequestHandler]
2017-05-16 13:16:32.832  INFO 6272 --- [main] o.s.w.s.handler.SimpleUrlHandlerMapping  : Mapped URL path [/**] onto handler of type [class org.springframework.web.servlet.resource.ResourceHttpRequestHandler]
2017-05-16 13:16:32.902  INFO 6272 --- [main] o.s.w.s.handler.SimpleUrlHandlerMapping  : Mapped URL path [/**/favicon.ico] onto handler of type [class org.springframework.web.servlet.resource.ResourceHttpRequestHandler]
2017-05-16 13:16:33.654  INFO 6272 --- [main] com.example.ProjektCarsApplicationTests  : Started ProjektCarsApplicationTests in 7.735 seconds (JVM running for 8.524)
2017-05-16 13:16:33.701  INFO 6272 --- [Thread-4] o.s.w.c.s.GenericWebApplicationContext   : Closing org.springframework.web.context.support.GenericWebApplicationContext@1e04fa0a: startup date [Tue May 16 13:16:26 CEST 2017]; root of context hierarchy
2017-05-16 13:16:33.701  INFO 6272 --- [Thread-4] j.LocalContainerEntityManagerFactoryBean : Closing JPA EntityManagerFactory for persistence unit 'default'
2017-05-16 13:21:45.383  INFO 2808 --- [main] com.example.ProjektCarsApplicationTests  : Starting ProjektCarsApplicationTests on Bartix with PID 2808 (started by Bartixon in C:\Users\Bartixon\Desktop\Projekt cars\projectCars)
2017-05-16 13:21:45.383  INFO 2808 --- [main] com.example.ProjektCarsApplicationTests  : No active profile set, falling back to default profiles: default
2017-05-16 13:21:45.664  INFO 2808 --- [main] o.s.w.c.s.GenericWebApplicationContext   : Refreshing org.springframework.web.context.support.GenericWebApplicationContext@1e04fa0a: startup date [Tue May 16 13:21:45 CEST 2017]; root of context hierarchy
2017-05-16 13:21:48.305  INFO 2808 --- [main] j.LocalContainerEntityManagerFactoryBean : Building JPA container EntityManagerFactory for persistence unit 'default'
2017-05-16 13:21:48.336  INFO 2808 --- [main] o.hibernate.jpa.internal.util.LogHelper  : HHH000204: Processing PersistenceUnitInfo [
	name: default
	...]
2017-05-16 13:21:48.477  INFO 2808 --- [main] org.hibernate.Version                    : HHH000412: Hibernate Core {5.0.12.Final}
2017-05-16 13:21:48.477  INFO 2808 --- [main] org.hibernate.cfg.Environment            : HHH000206: hibernate.properties not found
2017-05-16 13:21:48.477  INFO 2808 --- [main] org.hibernate.cfg.Environment            : HHH000021: Bytecode provider name : javassist
2017-05-16 13:21:48.555  INFO 2808 --- [main] o.hibernate.annotations.common.Version   : HCANN000001: Hibernate Commons Annotations {5.0.1.Final}
2017-05-16 13:21:48.711  INFO 2808 --- [main] org.hibernate.dialect.Dialect            : HHH000400: Using dialect: org.hibernate.dialect.MySQL5Dialect
2017-05-16 13:21:49.575  INFO 2808 --- [main] org.hibernate.tool.hbm2ddl.SchemaExport  : HHH000227: Running hbm2ddl schema export
2017-05-16 13:21:52.209  INFO 2808 --- [main] org.hibernate.tool.hbm2ddl.SchemaExport  : HHH000230: Schema export complete
2017-05-16 13:21:52.241  INFO 2808 --- [main] j.LocalContainerEntityManagerFactoryBean : Initialized JPA EntityManagerFactory for persistence unit 'default'
2017-05-16 13:21:53.116  INFO 2808 --- [main] s.w.s.m.m.a.RequestMappingHandlerAdapter : Looking for @ControllerAdvice: org.springframework.web.context.support.GenericWebApplicationContext@1e04fa0a: startup date [Tue May 16 13:21:45 CEST 2017]; root of context hierarchy
2017-05-16 13:21:53.225  INFO 2808 --- [main] s.w.s.m.m.a.RequestMappingHandlerMapping : Mapped "{[/index]}" onto public org.springframework.web.servlet.ModelAndView com.example.controller.MainController.index(org.springframework.ui.ModelMap)
2017-05-16 13:21:53.225  INFO 2808 --- [main] s.w.s.m.m.a.RequestMappingHandlerMapping : Mapped "{[/sellCar],methods=[POST]}" onto public org.springframework.web.servlet.ModelAndView com.example.controller.MainController.submit(com.example.Dtos.CarDto,org.springframework.validation.BindingResult,org.springframework.ui.ModelMap)
2017-05-16 13:21:53.225  INFO 2808 --- [main] s.w.s.m.m.a.RequestMappingHandlerMapping : Mapped "{[/setOwner],methods=[POST]}" onto public java.lang.String com.example.controller.MainController.submit(com.example.Dtos.OwnerDto,org.springframework.web.servlet.mvc.support.RedirectAttributes)
2017-05-16 13:21:53.225  INFO 2808 --- [main] s.w.s.m.m.a.RequestMappingHandlerMapping : Mapped "{[/carList]}" onto public org.springframework.web.servlet.ModelAndView com.example.controller.MainController.carList(org.springframework.ui.ModelMap)
2017-05-16 13:21:53.225  INFO 2808 --- [main] s.w.s.m.m.a.RequestMappingHandlerMapping : Mapped "{[/details/{id}],methods=[GET]}" onto public org.springframework.web.servlet.ModelAndView com.example.controller.MainController.seeDetails(java.lang.Integer,org.springframework.ui.ModelMap)
2017-05-16 13:21:53.225  INFO 2808 --- [main] s.w.s.m.m.a.RequestMappingHandlerMapping : Mapped "{[/soldCars],methods=[GET]}" onto public org.springframework.web.servlet.ModelAndView com.example.controller.MainController.soldCars(org.springframework.ui.ModelMap)
2017-05-16 13:21:53.225  INFO 2808 --- [main] s.w.s.m.m.a.RequestMappingHandlerMapping : Mapped "{[/sellCar],methods=[GET]}" onto public org.springframework.web.servlet.ModelAndView com.example.controller.MainController.sellCarView(org.springframework.ui.ModelMap)
2017-05-16 13:21:53.241  INFO 2808 --- [main] s.w.s.m.m.a.RequestMappingHandlerMapping : Mapped "{[/{id}],methods=[GET]}" onto public org.springframework.web.servlet.ModelAndView com.example.controller.MainController.sold(java.lang.Integer,org.springframework.ui.ModelMap)
2017-05-16 13:21:53.241  INFO 2808 --- [main] s.w.s.m.m.a.RequestMappingHandlerMapping : Mapped "{[/setOwner],methods=[GET]}" onto public org.springframework.web.servlet.ModelAndView com.example.controller.MainController.setOwner(org.springframework.ui.ModelMap)
2017-05-16 13:21:53.241  INFO 2808 --- [main] s.w.s.m.m.a.RequestMappingHandlerMapping : Mapped "{[/error]}" onto public org.springframework.http.ResponseEntity<java.util.Map<java.lang.String, java.lang.Object>> org.springframework.boot.autoconfigure.web.BasicErrorController.error(javax.servlet.http.HttpServletRequest)
2017-05-16 13:21:53.241  INFO 2808 --- [main] s.w.s.m.m.a.RequestMappingHandlerMapping : Mapped "{[/error],produces=[text/html]}" onto public org.springframework.web.servlet.ModelAndView org.springframework.boot.autoconfigure.web.BasicErrorController.errorHtml(javax.servlet.http.HttpServletRequest,javax.servlet.http.HttpServletResponse)
2017-05-16 13:21:53.272  INFO 2808 --- [main] o.s.w.s.handler.SimpleUrlHandlerMapping  : Mapped URL path [/webjars/**] onto handler of type [class org.springframework.web.servlet.resource.ResourceHttpRequestHandler]
2017-05-16 13:21:53.272  INFO 2808 --- [main] o.s.w.s.handler.SimpleUrlHandlerMapping  : Mapped URL path [/**] onto handler of type [class org.springframework.web.servlet.resource.ResourceHttpRequestHandler]
2017-05-16 13:21:53.334  INFO 2808 --- [main] o.s.w.s.handler.SimpleUrlHandlerMapping  : Mapped URL path [/**/favicon.ico] onto handler of type [class org.springframework.web.servlet.resource.ResourceHttpRequestHandler]
2017-05-16 13:21:54.169  INFO 2808 --- [main] com.example.ProjektCarsApplicationTests  : Started ProjektCarsApplicationTests in 9.161 seconds (JVM running for 9.956)
2017-05-16 13:21:54.232  INFO 2808 --- [Thread-4] o.s.w.c.s.GenericWebApplicationContext   : Closing org.springframework.web.context.support.GenericWebApplicationContext@1e04fa0a: startup date [Tue May 16 13:21:45 CEST 2017]; root of context hierarchy
2017-05-16 13:21:54.232  INFO 2808 --- [Thread-4] j.LocalContainerEntityManagerFactoryBean : Closing JPA EntityManagerFactory for persistence unit 'default'
2017-05-16 13:23:52.496  INFO 5780 --- [main] com.example.ProjektCarsApplicationTests  : Starting ProjektCarsApplicationTests on Bartix with PID 5780 (started by Bartixon in C:\Users\Bartixon\Desktop\Projekt cars\projectCars)
2017-05-16 13:23:52.496  INFO 5780 --- [main] com.example.ProjektCarsApplicationTests  : No active profile set, falling back to default profiles: default
2017-05-16 13:23:52.777  INFO 5780 --- [main] o.s.w.c.s.GenericWebApplicationContext   : Refreshing org.springframework.web.context.support.GenericWebApplicationContext@1e04fa0a: startup date [Tue May 16 13:23:52 CEST 2017]; root of context hierarchy
2017-05-16 13:23:55.143  INFO 5780 --- [main] j.LocalContainerEntityManagerFactoryBean : Building JPA container EntityManagerFactory for persistence unit 'default'
2017-05-16 13:23:55.159  INFO 5780 --- [main] o.hibernate.jpa.internal.util.LogHelper  : HHH000204: Processing PersistenceUnitInfo [
	name: default
	...]
2017-05-16 13:23:55.268  INFO 5780 --- [main] org.hibernate.Version                    : HHH000412: Hibernate Core {5.0.12.Final}
2017-05-16 13:23:55.268  INFO 5780 --- [main] org.hibernate.cfg.Environment            : HHH000206: hibernate.properties not found
2017-05-16 13:23:55.268  INFO 5780 --- [main] org.hibernate.cfg.Environment            : HHH000021: Bytecode provider name : javassist
2017-05-16 13:23:55.315  INFO 5780 --- [main] o.hibernate.annotations.common.Version   : HCANN000001: Hibernate Commons Annotations {5.0.1.Final}
2017-05-16 13:23:55.440  INFO 5780 --- [main] org.hibernate.dialect.Dialect            : HHH000400: Using dialect: org.hibernate.dialect.MySQL5Dialect
2017-05-16 13:23:56.253  INFO 5780 --- [main] org.hibernate.tool.hbm2ddl.SchemaExport  : HHH000227: Running hbm2ddl schema export
2017-05-16 13:23:57.284  INFO 5780 --- [main] org.hibernate.tool.hbm2ddl.SchemaExport  : HHH000230: Schema export complete
2017-05-16 13:23:57.331  INFO 5780 --- [main] j.LocalContainerEntityManagerFactoryBean : Initialized JPA EntityManagerFactory for persistence unit 'default'
2017-05-16 13:23:58.273  INFO 5780 --- [main] s.w.s.m.m.a.RequestMappingHandlerAdapter : Looking for @ControllerAdvice: org.springframework.web.context.support.GenericWebApplicationContext@1e04fa0a: startup date [Tue May 16 13:23:52 CEST 2017]; root of context hierarchy
2017-05-16 13:23:58.382  INFO 5780 --- [main] s.w.s.m.m.a.RequestMappingHandlerMapping : Mapped "{[/index]}" onto public org.springframework.web.servlet.ModelAndView com.example.controller.MainController.index(org.springframework.ui.ModelMap)
2017-05-16 13:23:58.382  INFO 5780 --- [main] s.w.s.m.m.a.RequestMappingHandlerMapping : Mapped "{[/sellCar],methods=[POST]}" onto public org.springframework.web.servlet.ModelAndView com.example.controller.MainController.submit(com.example.Dtos.CarDto,org.springframework.validation.BindingResult,org.springframework.ui.ModelMap)
2017-05-16 13:23:58.382  INFO 5780 --- [main] s.w.s.m.m.a.RequestMappingHandlerMapping : Mapped "{[/setOwner],methods=[POST]}" onto public java.lang.String com.example.controller.MainController.submit(com.example.Dtos.OwnerDto,org.springframework.web.servlet.mvc.support.RedirectAttributes)
2017-05-16 13:23:58.382  INFO 5780 --- [main] s.w.s.m.m.a.RequestMappingHandlerMapping : Mapped "{[/setOwner],methods=[GET]}" onto public org.springframework.web.servlet.ModelAndView com.example.controller.MainController.setOwner(org.springframework.ui.ModelMap)
2017-05-16 13:23:58.382  INFO 5780 --- [main] s.w.s.m.m.a.RequestMappingHandlerMapping : Mapped "{[/details/{id}],methods=[GET]}" onto public org.springframework.web.servlet.ModelAndView com.example.controller.MainController.seeDetails(java.lang.Integer,org.springframework.ui.ModelMap)
2017-05-16 13:23:58.382  INFO 5780 --- [main] s.w.s.m.m.a.RequestMappingHandlerMapping : Mapped "{[/carList]}" onto public org.springframework.web.servlet.ModelAndView com.example.controller.MainController.carList(org.springframework.ui.ModelMap)
2017-05-16 13:23:58.398  INFO 5780 --- [main] s.w.s.m.m.a.RequestMappingHandlerMapping : Mapped "{[/{id}],methods=[GET]}" onto public org.springframework.web.servlet.ModelAndView com.example.controller.MainController.sold(java.lang.Integer,org.springframework.ui.ModelMap)
2017-05-16 13:23:58.398  INFO 5780 --- [main] s.w.s.m.m.a.RequestMappingHandlerMapping : Mapped "{[/sellCar],methods=[GET]}" onto public org.springframework.web.servlet.ModelAndView com.example.controller.MainController.sellCarView(org.springframework.ui.ModelMap)
2017-05-16 13:23:58.398  INFO 5780 --- [main] s.w.s.m.m.a.RequestMappingHandlerMapping : Mapped "{[/soldCars],methods=[GET]}" onto public org.springframework.web.servlet.ModelAndView com.example.controller.MainController.soldCars(org.springframework.ui.ModelMap)
2017-05-16 13:23:58.398  INFO 5780 --- [main] s.w.s.m.m.a.RequestMappingHandlerMapping : Mapped "{[/error]}" onto public org.springframework.http.ResponseEntity<java.util.Map<java.lang.String, java.lang.Object>> org.springframework.boot.autoconfigure.web.BasicErrorController.error(javax.servlet.http.HttpServletRequest)
2017-05-16 13:23:58.398  INFO 5780 --- [main] s.w.s.m.m.a.RequestMappingHandlerMapping : Mapped "{[/error],produces=[text/html]}" onto public org.springframework.web.servlet.ModelAndView org.springframework.boot.autoconfigure.web.BasicErrorController.errorHtml(javax.servlet.http.HttpServletRequest,javax.servlet.http.HttpServletResponse)
2017-05-16 13:23:58.429  INFO 5780 --- [main] o.s.w.s.handler.SimpleUrlHandlerMapping  : Mapped URL path [/webjars/**] onto handler of type [class org.springframework.web.servlet.resource.ResourceHttpRequestHandler]
2017-05-16 13:23:58.444  INFO 5780 --- [main] o.s.w.s.handler.SimpleUrlHandlerMapping  : Mapped URL path [/**] onto handler of type [class org.springframework.web.servlet.resource.ResourceHttpRequestHandler]
2017-05-16 13:23:58.507  INFO 5780 --- [main] o.s.w.s.handler.SimpleUrlHandlerMapping  : Mapped URL path [/**/favicon.ico] onto handler of type [class org.springframework.web.servlet.resource.ResourceHttpRequestHandler]
2017-05-16 13:23:59.395  INFO 5780 --- [main] com.example.ProjektCarsApplicationTests  : Started ProjektCarsApplicationTests in 7.243 seconds (JVM running for 8.173)
2017-05-16 13:23:59.442  INFO 5780 --- [Thread-4] o.s.w.c.s.GenericWebApplicationContext   : Closing org.springframework.web.context.support.GenericWebApplicationContext@1e04fa0a: startup date [Tue May 16 13:23:52 CEST 2017]; root of context hierarchy
2017-05-16 13:23:59.442  INFO 5780 --- [Thread-4] j.LocalContainerEntityManagerFactoryBean : Closing JPA EntityManagerFactory for persistence unit 'default'
2017-05-16 13:28:17.467  INFO 7904 --- [main] com.example.ProjektCarsApplicationTests  : Starting ProjektCarsApplicationTests on Bartix with PID 7904 (started by Bartixon in C:\Users\Bartixon\Desktop\Projekt cars\projectCars)
2017-05-16 13:28:17.467  INFO 7904 --- [main] com.example.ProjektCarsApplicationTests  : No active profile set, falling back to default profiles: default
2017-05-16 13:28:17.733  INFO 7904 --- [main] o.s.w.c.s.GenericWebApplicationContext   : Refreshing org.springframework.web.context.support.GenericWebApplicationContext@1e04fa0a: startup date [Tue May 16 13:28:17 CEST 2017]; root of context hierarchy
2017-05-16 13:28:20.069  INFO 7904 --- [main] j.LocalContainerEntityManagerFactoryBean : Building JPA container EntityManagerFactory for persistence unit 'default'
2017-05-16 13:28:20.085  INFO 7904 --- [main] o.hibernate.jpa.internal.util.LogHelper  : HHH000204: Processing PersistenceUnitInfo [
	name: default
	...]
2017-05-16 13:28:20.179  INFO 7904 --- [main] org.hibernate.Version                    : HHH000412: Hibernate Core {5.0.12.Final}
2017-05-16 13:28:20.179  INFO 7904 --- [main] org.hibernate.cfg.Environment            : HHH000206: hibernate.properties not found
2017-05-16 13:28:20.179  INFO 7904 --- [main] org.hibernate.cfg.Environment            : HHH000021: Bytecode provider name : javassist
2017-05-16 13:28:20.241  INFO 7904 --- [main] o.hibernate.annotations.common.Version   : HCANN000001: Hibernate Commons Annotations {5.0.1.Final}
2017-05-16 13:28:20.350  INFO 7904 --- [main] org.hibernate.dialect.Dialect            : HHH000400: Using dialect: org.hibernate.dialect.MySQL5Dialect
2017-05-16 13:28:21.350  INFO 7904 --- [main] org.hibernate.tool.hbm2ddl.SchemaExport  : HHH000227: Running hbm2ddl schema export
2017-05-16 13:28:22.980  INFO 7904 --- [main] org.hibernate.tool.hbm2ddl.SchemaExport  : HHH000230: Schema export complete
2017-05-16 13:28:23.026  INFO 7904 --- [main] j.LocalContainerEntityManagerFactoryBean : Initialized JPA EntityManagerFactory for persistence unit 'default'
2017-05-16 13:28:24.018  INFO 7904 --- [main] s.w.s.m.m.a.RequestMappingHandlerAdapter : Looking for @ControllerAdvice: org.springframework.web.context.support.GenericWebApplicationContext@1e04fa0a: startup date [Tue May 16 13:28:17 CEST 2017]; root of context hierarchy
2017-05-16 13:28:24.127  INFO 7904 --- [main] s.w.s.m.m.a.RequestMappingHandlerMapping : Mapped "{[/index]}" onto public org.springframework.web.servlet.ModelAndView com.example.controller.MainController.index(org.springframework.ui.ModelMap)
2017-05-16 13:28:24.127  INFO 7904 --- [main] s.w.s.m.m.a.RequestMappingHandlerMapping : Mapped "{[/sellCar],methods=[POST]}" onto public org.springframework.web.servlet.ModelAndView com.example.controller.MainController.submit(com.example.Dtos.CarDto,org.springframework.validation.BindingResult,org.springframework.ui.ModelMap)
2017-05-16 13:28:24.127  INFO 7904 --- [main] s.w.s.m.m.a.RequestMappingHandlerMapping : Mapped "{[/setOwner],methods=[POST]}" onto public java.lang.String com.example.controller.MainController.submit(com.example.Dtos.OwnerDto,org.springframework.web.servlet.mvc.support.RedirectAttributes)
2017-05-16 13:28:24.127  INFO 7904 --- [main] s.w.s.m.m.a.RequestMappingHandlerMapping : Mapped "{[/setOwner],methods=[GET]}" onto public org.springframework.web.servlet.ModelAndView com.example.controller.MainController.setOwner(org.springframework.ui.ModelMap)
2017-05-16 13:28:24.127  INFO 7904 --- [main] s.w.s.m.m.a.RequestMappingHandlerMapping : Mapped "{[/details/{id}],methods=[GET]}" onto public org.springframework.web.servlet.ModelAndView com.example.controller.MainController.seeDetails(java.lang.Integer,org.springframework.ui.ModelMap)
2017-05-16 13:28:24.143  INFO 7904 --- [main] s.w.s.m.m.a.RequestMappingHandlerMapping : Mapped "{[/soldCars],methods=[GET]}" onto public org.springframework.web.servlet.ModelAndView com.example.controller.MainController.soldCars(org.springframework.ui.ModelMap)
2017-05-16 13:28:24.143  INFO 7904 --- [main] s.w.s.m.m.a.RequestMappingHandlerMapping : Mapped "{[/carList]}" onto public org.springframework.web.servlet.ModelAndView com.example.controller.MainController.carList(org.springframework.ui.ModelMap)
2017-05-16 13:28:24.143  INFO 7904 --- [main] s.w.s.m.m.a.RequestMappingHandlerMapping : Mapped "{[/{id}],methods=[GET]}" onto public org.springframework.web.servlet.ModelAndView com.example.controller.MainController.sold(java.lang.Integer,org.springframework.ui.ModelMap)
2017-05-16 13:28:24.143  INFO 7904 --- [main] s.w.s.m.m.a.RequestMappingHandlerMapping : Mapped "{[/sellCar],methods=[GET]}" onto public org.springframework.web.servlet.ModelAndView com.example.controller.MainController.sellCarView(org.springframework.ui.ModelMap)
2017-05-16 13:28:24.143  INFO 7904 --- [main] s.w.s.m.m.a.RequestMappingHandlerMapping : Mapped "{[/error]}" onto public org.springframework.http.ResponseEntity<java.util.Map<java.lang.String, java.lang.Object>> org.springframework.boot.autoconfigure.web.BasicErrorController.error(javax.servlet.http.HttpServletRequest)
2017-05-16 13:28:24.143  INFO 7904 --- [main] s.w.s.m.m.a.RequestMappingHandlerMapping : Mapped "{[/error],produces=[text/html]}" onto public org.springframework.web.servlet.ModelAndView org.springframework.boot.autoconfigure.web.BasicErrorController.errorHtml(javax.servlet.http.HttpServletRequest,javax.servlet.http.HttpServletResponse)
2017-05-16 13:28:24.174  INFO 7904 --- [main] o.s.w.s.handler.SimpleUrlHandlerMapping  : Mapped URL path [/webjars/**] onto handler of type [class org.springframework.web.servlet.resource.ResourceHttpRequestHandler]
2017-05-16 13:28:24.174  INFO 7904 --- [main] o.s.w.s.handler.SimpleUrlHandlerMapping  : Mapped URL path [/**] onto handler of type [class org.springframework.web.servlet.resource.ResourceHttpRequestHandler]
2017-05-16 13:28:24.221  INFO 7904 --- [main] o.s.w.s.handler.SimpleUrlHandlerMapping  : Mapped URL path [/**/favicon.ico] onto handler of type [class org.springframework.web.servlet.resource.ResourceHttpRequestHandler]
2017-05-16 13:28:24.855  INFO 7904 --- [main] com.example.ProjektCarsApplicationTests  : Started ProjektCarsApplicationTests in 7.809 seconds (JVM running for 8.59)
2017-05-16 13:28:24.918  INFO 7904 --- [Thread-4] o.s.w.c.s.GenericWebApplicationContext   : Closing org.springframework.web.context.support.GenericWebApplicationContext@1e04fa0a: startup date [Tue May 16 13:28:17 CEST 2017]; root of context hierarchy
2017-05-16 13:28:24.933  INFO 7904 --- [Thread-4] j.LocalContainerEntityManagerFactoryBean : Closing JPA EntityManagerFactory for persistence unit 'default'
